[debug] [2024-01-12T04:01:29.631Z] ----------------------------------------------------------------------
[debug] [2024-01-12T04:01:29.633Z] Command:       C:\Program Files\nodejs\node.exe C:\Users\panna\AppData\Roaming\npm\node_modules\firebase-tools\lib\bin\firebase.js deploy
[debug] [2024-01-12T04:01:29.633Z] CLI Version:   13.0.3
[debug] [2024-01-12T04:01:29.633Z] Platform:      win32
[debug] [2024-01-12T04:01:29.633Z] Node Version:  v18.18.0
[debug] [2024-01-12T04:01:29.639Z] Time:          Fri Jan 12 2024 11:01:29 GMT+0700 (Indochina Time)
[debug] [2024-01-12T04:01:29.640Z] ----------------------------------------------------------------------
[debug] 
[debug] [2024-01-12T04:01:29.718Z] > command requires scopes: ["email","openid","https://www.googleapis.com/auth/cloudplatformprojects.readonly","https://www.googleapis.com/auth/firebase","https://www.googleapis.com/auth/cloud-platform"]
[debug] [2024-01-12T04:01:29.719Z] > authorizing via signed-in user (pannatat7002@gmail.com)
[debug] [2024-01-12T04:01:29.719Z] [iam] checking project njy-follow-app-6580f for permissions ["datastore.indexes.create","datastore.indexes.delete","datastore.indexes.list","datastore.indexes.update","firebase.projects.get","firebasedatabase.instances.update","firebasehosting.sites.update"]
[debug] [2024-01-12T04:01:29.722Z] >>> [apiv2][query] POST https://cloudresourcemanager.googleapis.com/v1/projects/njy-follow-app-6580f:testIamPermissions [none]
[debug] [2024-01-12T04:01:29.723Z] >>> [apiv2][(partial)header] POST https://cloudresourcemanager.googleapis.com/v1/projects/njy-follow-app-6580f:testIamPermissions x-goog-quota-user=projects/njy-follow-app-6580f
[debug] [2024-01-12T04:01:29.723Z] >>> [apiv2][body] POST https://cloudresourcemanager.googleapis.com/v1/projects/njy-follow-app-6580f:testIamPermissions {"permissions":["datastore.indexes.create","datastore.indexes.delete","datastore.indexes.list","datastore.indexes.update","firebase.projects.get","firebasedatabase.instances.update","firebasehosting.sites.update"]}
[debug] [2024-01-12T04:01:30.952Z] <<< [apiv2][status] POST https://cloudresourcemanager.googleapis.com/v1/projects/njy-follow-app-6580f:testIamPermissions 200
[debug] [2024-01-12T04:01:30.952Z] <<< [apiv2][body] POST https://cloudresourcemanager.googleapis.com/v1/projects/njy-follow-app-6580f:testIamPermissions {"permissions":["datastore.indexes.create","datastore.indexes.delete","datastore.indexes.list","datastore.indexes.update","firebase.projects.get","firebasedatabase.instances.update","firebasehosting.sites.update"]}
[debug] [2024-01-12T04:01:30.954Z] >>> [apiv2][query] GET https://firebase.googleapis.com/v1beta1/projects/njy-follow-app-6580f [none]
[debug] [2024-01-12T04:01:31.351Z] <<< [apiv2][status] GET https://firebase.googleapis.com/v1beta1/projects/njy-follow-app-6580f 200
[debug] [2024-01-12T04:01:31.352Z] <<< [apiv2][body] GET https://firebase.googleapis.com/v1beta1/projects/njy-follow-app-6580f {"projectId":"njy-follow-app-6580f","projectNumber":"87185600793","displayName":"NJY-FOLLOW-APP","name":"projects/njy-follow-app-6580f","resources":{"hostingSite":"njy-follow-app-6580f","realtimeDatabaseInstance":"njy-follow-app-6580f-default-rtdb"},"state":"ACTIVE","etag":"1_6c4d5e86-e5e9-4b00-8883-71e73db52ad4"}
[debug] [2024-01-12T04:01:31.352Z] >>> [apiv2][query] GET https://firebase.googleapis.com/v1beta1/projects/njy-follow-app-6580f [none]
[debug] [2024-01-12T04:01:31.690Z] <<< [apiv2][status] GET https://firebase.googleapis.com/v1beta1/projects/njy-follow-app-6580f 200
[debug] [2024-01-12T04:01:31.690Z] <<< [apiv2][body] GET https://firebase.googleapis.com/v1beta1/projects/njy-follow-app-6580f {"projectId":"njy-follow-app-6580f","projectNumber":"87185600793","displayName":"NJY-FOLLOW-APP","name":"projects/njy-follow-app-6580f","resources":{"hostingSite":"njy-follow-app-6580f","realtimeDatabaseInstance":"njy-follow-app-6580f-default-rtdb"},"state":"ACTIVE","etag":"1_6c4d5e86-e5e9-4b00-8883-71e73db52ad4"}
[info] 
[info] === Deploying to 'njy-follow-app-6580f'...
[info] 
[info] i  deploying database, firestore, hosting 
[info] i  database: checking rules syntax... 
[debug] [2024-01-12T04:01:31.699Z] >>> [apiv2][query] GET https://firebasedatabase.googleapis.com/v1beta/projects/njy-follow-app-6580f/locations/-/instances/njy-follow-app-6580f-default-rtdb [none]
